<?xml version="1.0" encoding="UTF-8"?>
<robot generator="Robot 3.0.4 (Python 3.7.0 on darwin)" generated="20180725 08:02:16.502">
<suite id="s1" name="robotExample" source="/Users/sahabt/PycharmProjects/RobotFrameworkExample/venv/robotExample.robot">
<test id="s1-t1" name="Valid Login">
<kw name="Open Browser To Login Page" library="resource">
<kw name="Open Browser" library="Selenium2Library">
<doc>Opens a new browser instance to the given ``url``.</doc>
<arguments>
<arg>${LOGIN URL}</arg>
<arg>${BROWSER}</arg>
</arguments>
<msg timestamp="20180725 08:02:16.672" level="INFO">Opening browser 'Chrome' to base url 'http://www.facebook.com/login/'.</msg>
<status status="PASS" starttime="20180725 08:02:16.672" endtime="20180725 08:02:21.451"></status>
</kw>
<kw name="Maximize Browser Window" library="Selenium2Library">
<doc>Maximizes current browser window.</doc>
<status status="PASS" starttime="20180725 08:02:21.452" endtime="20180725 08:02:21.686"></status>
</kw>
<kw name="Set Selenium Speed" library="Selenium2Library">
<doc>Sets the delay that is waited after each Selenium command.</doc>
<arguments>
<arg>${DELAY}</arg>
</arguments>
<status status="PASS" starttime="20180725 08:02:21.686" endtime="20180725 08:02:21.687"></status>
</kw>
<kw name="Login Page Should Be Open" library="resource">
<kw name="Title Should Be" library="Selenium2Library">
<doc>Verifies that current page title equals ``title``.</doc>
<arguments>
<arg>${LOGIN PAGE TITLE}</arg>
</arguments>
<msg timestamp="20180725 08:02:21.693" level="INFO">Page title is 'Log in to Facebook | Facebook'.</msg>
<status status="PASS" starttime="20180725 08:02:21.688" endtime="20180725 08:02:21.693"></status>
</kw>
<status status="PASS" starttime="20180725 08:02:21.687" endtime="20180725 08:02:21.693"></status>
</kw>
<status status="PASS" starttime="20180725 08:02:16.671" endtime="20180725 08:02:21.693"></status>
</kw>
<kw name="Input Username" library="resource">
<arguments>
<arg>oktyuyar@gmail.com</arg>
</arguments>
<kw name="Input Text" library="Selenium2Library">
<doc>Types the given ``text`` into text field identified by ``locator``.</doc>
<arguments>
<arg>email</arg>
<arg>${username}</arg>
</arguments>
<msg timestamp="20180725 08:02:21.694" level="INFO">Typing text 'oktyuyar@gmail.com' into text field 'email'.</msg>
<status status="PASS" starttime="20180725 08:02:21.694" endtime="20180725 08:02:21.974"></status>
</kw>
<status status="PASS" starttime="20180725 08:02:21.694" endtime="20180725 08:02:21.974"></status>
</kw>
<kw name="Input Password" library="resource">
<arguments>
<arg>1q2w3e</arg>
</arguments>
<kw name="Input Text" library="Selenium2Library">
<doc>Types the given ``text`` into text field identified by ``locator``.</doc>
<arguments>
<arg>pass</arg>
<arg>${password}</arg>
</arguments>
<msg timestamp="20180725 08:02:21.976" level="INFO">Typing text '1q2w3e' into text field 'pass'.</msg>
<status status="PASS" starttime="20180725 08:02:21.975" endtime="20180725 08:02:22.122"></status>
</kw>
<status status="PASS" starttime="20180725 08:02:21.975" endtime="20180725 08:02:22.122"></status>
</kw>
<kw name="Submit Credentials" library="resource">
<kw name="Click Button" library="Selenium2Library">
<doc>Clicks button identified by ``locator``.</doc>
<arguments>
<arg>loginbutton</arg>
</arguments>
<msg timestamp="20180725 08:02:22.125" level="INFO">Clicking button 'loginbutton'.</msg>
<status status="PASS" starttime="20180725 08:02:22.124" endtime="20180725 08:02:24.529"></status>
</kw>
<status status="PASS" starttime="20180725 08:02:22.123" endtime="20180725 08:02:24.529"></status>
</kw>
<kw name="Welcome Page Should Be Open" library="resource">
<kw name="Location Should Be" library="Selenium2Library">
<doc>Verifies that current URL is exactly ``url``.</doc>
<arguments>
<arg>${WELCOME URL}</arg>
</arguments>
<kw name="Capture Page Screenshot" library="Selenium2Library">
<doc>Takes screenshot of the current page and embeds it into log file.</doc>
<msg timestamp="20180725 08:02:25.012" level="INFO" html="yes">&lt;/td&gt;&lt;/tr&gt;&lt;tr&gt;&lt;td colspan="3"&gt;&lt;a href="selenium-screenshot-3.png"&gt;&lt;img src="selenium-screenshot-3.png" width="800px"&gt;&lt;/a&gt;</msg>
<status status="PASS" starttime="20180725 08:02:24.544" endtime="20180725 08:02:25.012"></status>
</kw>
<msg timestamp="20180725 08:02:25.014" level="FAIL">Location should have been 'http://www.facebook.com/' but was 'https://www.facebook.com/login.php?login_attempt=1&amp;lwv=100'.</msg>
<status status="FAIL" starttime="20180725 08:02:24.530" endtime="20180725 08:02:25.014"></status>
</kw>
<status status="FAIL" starttime="20180725 08:02:24.529" endtime="20180725 08:02:25.014"></status>
</kw>
<status status="FAIL" starttime="20180725 08:02:16.671" endtime="20180725 08:02:25.015" critical="yes">Location should have been 'http://www.facebook.com/' but was 'https://www.facebook.com/login.php?login_attempt=1&amp;lwv=100'.</status>
</test>
<doc>A test suite with a single test for valid login.

This test has a workflow that is created using keywords in
the imported resource file.</doc>
<status status="FAIL" starttime="20180725 08:02:16.503" endtime="20180725 08:02:25.016"></status>
</suite>
<statistics>
<total>
<stat pass="0" fail="1">Critical Tests</stat>
<stat pass="0" fail="1">All Tests</stat>
</total>
<tag>
</tag>
<suite>
<stat pass="0" fail="1" id="s1" name="robotExample">robotExample</stat>
</suite>
</statistics>
<errors>
</errors>
</robot>
