<?xml version="1.0" encoding="UTF-8"?>
<robot generator="Robot 3.0.4 (Python 3.7.0 on darwin)" generated="20180727 07:55:07.045">
<suite id="s1" name="Sample" source="/Users/sahabt/PycharmProjects/Robot/venv/Sample.robot">
<test id="s1-t1" name="Valid Login">
<kw name="Open Browser To Login Page" library="resource">
<kw name="Open Browser" library="Selenium2Library">
<doc>Opens a new browser instance to the given ``url``.</doc>
<arguments>
<arg>${WELCOME URL}</arg>
<arg>${BROWSER}</arg>
</arguments>
<msg timestamp="20180727 07:55:07.251" level="INFO">Opening browser 'Chrome' to base url 'http://www.amazon.com/'.</msg>
<status status="PASS" starttime="20180727 07:55:07.251" endtime="20180727 07:55:14.494"></status>
</kw>
<kw name="Maximize Browser Window" library="Selenium2Library">
<doc>Maximizes current browser window.</doc>
<status status="PASS" starttime="20180727 07:55:14.495" endtime="20180727 07:55:15.136"></status>
</kw>
<kw name="Set Selenium Speed" library="Selenium2Library">
<doc>Sets the delay that is waited after each Selenium command.</doc>
<arguments>
<arg>${DELAY}</arg>
</arguments>
<status status="PASS" starttime="20180727 07:55:15.136" endtime="20180727 07:55:15.138"></status>
</kw>
<kw name="Click Link" library="Selenium2Library">
<doc>Clicks a link identified by ``locator``.</doc>
<arguments>
<arg>nav-link-accountList</arg>
</arguments>
<msg timestamp="20180727 07:55:15.139" level="INFO">Clicking link 'nav-link-accountList'.</msg>
<status status="PASS" starttime="20180727 07:55:15.138" endtime="20180727 07:55:24.680"></status>
</kw>
<kw name="Login Page Should Be Open" library="resource">
<kw name="Title Should Be" library="Selenium2Library">
<doc>Verifies that current page title equals ``title``.</doc>
<arguments>
<arg>${LOGIN PAGE TITLE}</arg>
</arguments>
<msg timestamp="20180727 07:55:24.699" level="INFO">Page title is 'Amazon Sign In'.</msg>
<status status="PASS" starttime="20180727 07:55:24.682" endtime="20180727 07:55:24.699"></status>
</kw>
<status status="PASS" starttime="20180727 07:55:24.681" endtime="20180727 07:55:24.699"></status>
</kw>
<status status="PASS" starttime="20180727 07:55:07.250" endtime="20180727 07:55:24.699"></status>
</kw>
<kw name="Input Username" library="resource">
<arguments>
<arg>oktyuyar@gmail.com</arg>
</arguments>
<kw name="Input Text" library="Selenium2Library">
<doc>Types the given ``text`` into text field identified by ``locator``.</doc>
<arguments>
<arg>email</arg>
<arg>${username}</arg>
</arguments>
<msg timestamp="20180727 07:55:24.701" level="INFO">Typing text 'oktyuyar@gmail.com' into text field 'email'.</msg>
<status status="PASS" starttime="20180727 07:55:24.701" endtime="20180727 07:55:24.979"></status>
</kw>
<status status="PASS" starttime="20180727 07:55:24.700" endtime="20180727 07:55:24.979"></status>
</kw>
<kw name="Click Continue Button" library="resource">
<kw name="Click Button" library="Selenium2Library">
<doc>Clicks button identified by ``locator``.</doc>
<arguments>
<arg>continue</arg>
</arguments>
<msg timestamp="20180727 07:55:24.980" level="INFO">Clicking button 'continue'.</msg>
<status status="PASS" starttime="20180727 07:55:24.980" endtime="20180727 07:55:25.626"></status>
</kw>
<status status="PASS" starttime="20180727 07:55:24.979" endtime="20180727 07:55:25.627"></status>
</kw>
<kw name="Input Password" library="resource">
<arguments>
<arg>1q2w3e.</arg>
</arguments>
<kw name="Input Text" library="Selenium2Library">
<doc>Types the given ``text`` into text field identified by ``locator``.</doc>
<arguments>
<arg>password</arg>
<arg>${password}</arg>
</arguments>
<msg timestamp="20180727 07:55:25.630" level="INFO">Typing text '1q2w3e.' into text field 'password'.</msg>
<status status="PASS" starttime="20180727 07:55:25.628" endtime="20180727 07:55:25.759"></status>
</kw>
<status status="PASS" starttime="20180727 07:55:25.627" endtime="20180727 07:55:25.759"></status>
</kw>
<kw name="Submit Credentials" library="resource">
<kw name="Click Button" library="Selenium2Library">
<doc>Clicks button identified by ``locator``.</doc>
<arguments>
<arg>signInSubmit</arg>
</arguments>
<msg timestamp="20180727 07:55:25.760" level="INFO">Clicking button 'signInSubmit'.</msg>
<status status="PASS" starttime="20180727 07:55:25.760" endtime="20180727 07:55:29.513"></status>
</kw>
<status status="PASS" starttime="20180727 07:55:25.759" endtime="20180727 07:55:29.514"></status>
</kw>
<kw name="Welcome Page Should Be Open" library="resource">
<kw name="Title Should Be" library="Selenium2Library">
<doc>Verifies that current page title equals ``title``.</doc>
<arguments>
<arg>${WELCOME PAGE TITLE}</arg>
</arguments>
<msg timestamp="20180727 07:55:29.532" level="INFO">Page title is 'Amazon.com: Online Shopping for Electronics, Apparel, Computers, Books, DVDs &amp; more'.</msg>
<status status="PASS" starttime="20180727 07:55:29.515" endtime="20180727 07:55:29.532"></status>
</kw>
<status status="PASS" starttime="20180727 07:55:29.514" endtime="20180727 07:55:29.533"></status>
</kw>
<status status="PASS" starttime="20180727 07:55:07.250" endtime="20180727 07:55:29.533" critical="yes"></status>
</test>
<doc>A test suite with a single test for valid login.

This test has a workflow that is created using keywords in
the imported resource file.</doc>
<status status="PASS" starttime="20180727 07:55:07.047" endtime="20180727 07:55:29.536"></status>
</suite>
<statistics>
<total>
<stat pass="1" fail="0">Critical Tests</stat>
<stat pass="1" fail="0">All Tests</stat>
</total>
<tag>
</tag>
<suite>
<stat pass="1" fail="0" id="s1" name="Sample">Sample</stat>
</suite>
</statistics>
<errors>
</errors>
</robot>
